Started by user [8mha:////4PTI3m1vR6yRJUxgOk5tLuXY4KUex85T9d0wCDBVlQsQAAAAlx+LCAAAAAAAAP9b85aBtbiIQTGjNKU4P08vOT+vOD8nVc83PyU1x6OyILUoJzMv2y+/JJUBAhiZGBgqihhk0NSjKDWzXb3RdlLBUSYGJk8GtpzUvPSSDB8G5tKinBIGIZ+sxLJE/ZzEvHT94JKizLx0a6BxUmjGOUNodHsLgAzWEgZu/dLi1CL9nJz8yhQA8GIrucAAAAA=[0mLloyd
Running as SYSTEM
Building on the built-in node in workspace /var/lib/jenkins/workspace/JMeterTest
[JMeterTest] $ /bin/sh -xe /tmp/jenkins9138978472494614687.sh
The following environment variables were removed by 'Only Keep Specified Environment Variables': BUILD_DISPLAY_NAME, BUILD_URL, CI, EXECUTOR_NUMBER, HUDSON_HOME, HUDSON_URL, JENKINS_URL, JOB_DISPLAY_URL, JOB_URL, NODE_LABELS, NODE_NAME, RUN_ARTIFACTS_DISPLAY_URL, RUN_CHANGES_DISPLAY_URL, RUN_DISPLAY_URL, RUN_TESTS_DISPLAY_URL, WORKSPACE, WORKSPACE_TMP
+ /var/lib/apache-jmeter/bin/jmeter -n -t /vagrant/shared_folder/jmeter/lodywood.jmx -l /vagrant/shared_folder/jmeter/result.jtl
WARN StatusConsoleListener The use of package scanning to locate plugins is deprecated and will be removed in a future release
WARN StatusConsoleListener The use of package scanning to locate plugins is deprecated and will be removed in a future release
WARN StatusConsoleListener The use of package scanning to locate plugins is deprecated and will be removed in a future release
WARN StatusConsoleListener The use of package scanning to locate plugins is deprecated and will be removed in a future release
Creating summariser <summary>
Created the tree successfully using /vagrant/shared_folder/jmeter/lodywood.jmx
Starting standalone test @ 2024 Apr 17 15:18:42 CEST (1713359922030)
Waiting for possible Shutdown/StopTestNow/HeapDump/ThreadDump message on port 4445
summary +   1305 in 00:00:18 =   72.3/s Avg:  4514 Min:   130 Max: 13414 Err:    16 (1.23%) Active: 595 Started: 595 Finished: 0
Killed
Build step 'Execute shell' marked build as failure
Creating parser with percentiles:'0,50,90,95,100,' filterRegex:
Performance: Recording JMeterCsv reports '/var/lib/jenkins/jobs/JMeterTest/builds/10/temp/result.jtl'
Performance: JMeterCsv copying reports to master, files '[/var/lib/jenkins/jobs/JMeterTest/builds/10/temp/result.jtl]'
Performance: JMeterCsv parsing local reports '[/var/lib/jenkins/jobs/JMeterTest/builds/10/performance-reports/JMeterCSV/result.jtl]'
Performance: Parsing report file '/var/lib/jenkins/jobs/JMeterTest/builds/10/performance-reports/JMeterCSV/result.jtl' with filterRegex ''.
Performance: Failed to parse file '/var/lib/jenkins/jobs/JMeterTest/builds/10/performance-reports/JMeterCSV/result.jtl': Index 7 out of bounds for length 6
java.lang.ArrayIndexOutOfBoundsException: Index 7 out of bounds for length 6
	at org.apache.commons.csv.CSVRecord.get(CSVRecord.java:87)
	at hudson.plugins.performance.parsers.JMeterCsvParser.getSample(JMeterCsvParser.java:136)
	at hudson.plugins.performance.parsers.JMeterCsvParser.parseCSV(JMeterCsvParser.java:77)
	at hudson.plugins.performance.parsers.JMeterCsvParser.parse(JMeterCsvParser.java:66)
	at hudson.plugins.performance.parsers.AbstractParser.parse(AbstractParser.java:85)
	at hudson.plugins.performance.PerformancePublisher.locatePerformanceReports(PerformancePublisher.java:481)
	at hudson.plugins.performance.PerformancePublisher.prepareEvaluation(PerformancePublisher.java:424)
	at hudson.plugins.performance.PerformancePublisher.perform(PerformancePublisher.java:395)
	at jenkins.tasks.SimpleBuildStep.perform(SimpleBuildStep.java:123)
	at hudson.tasks.BuildStepCompatibilityLayer.perform(BuildStepCompatibilityLayer.java:80)
	at hudson.tasks.BuildStepMonitor$1.perform(BuildStepMonitor.java:20)
	at hudson.model.AbstractBuild$AbstractBuildExecution.perform(AbstractBuild.java:818)
	at hudson.model.AbstractBuild$AbstractBuildExecution.performAllBuildSteps(AbstractBuild.java:767)
	at hudson.model.Build$BuildExecution.post2(Build.java:179)
	at hudson.model.AbstractBuild$AbstractBuildExecution.post(AbstractBuild.java:711)
	at hudson.model.Run.execute(Run.java:1918)
	at hudson.model.FreeStyleBuild.run(FreeStyleBuild.java:44)
	at hudson.model.ResourceController.execute(ResourceController.java:101)
	at hudson.model.Executor.run(Executor.java:442)
Performance: No threshold configured for making the test unstable
Performance: No threshold configured for making the test failure
Finished: FAILURE
